<?xml version="1.0" encoding="UTF-8"?>
<!-- Generated by org.testng.reporters.JUnitReportReporter -->
<testsuite hostname="DESKTOP-7MG7A7J" failures="0" tests="1" name="HomepageTest.HomepageTest" time="9.695" errors="0" timestamp="2023-03-26T11:09:48 EDT" skipped="0">
  <testcase classname="HomepageTest.HomepageTest" name="TestLanguageMouseHoverandLanguageSelection" time="9.695"/>
  <system-out/>
</testsuite> <!-- HomepageTest.HomepageTest -->
