<?xml version="1.0" encoding="UTF-8"?>
<!-- Generated by org.testng.reporters.JUnitReportReporter -->
<testsuite hostname="DESKTOP-7MG7A7J" failures="0" tests="2" name="HomepageTest.HomepageTest" time="22.141" errors="0" timestamp="2023-03-26T12:22:32 EDT" skipped="0">
  <testcase classname="HomepageTest.HomepageTest" name="testAmazonSearchProduct" time="11.424"/>
  <system-out/>
  <testcase classname="HomepageTest.HomepageTest" name="TestLanguageMouseHoverandLanguageSelection" time="10.717"/>
  <system-out/>
</testsuite> <!-- HomepageTest.HomepageTest -->
